############################## LOADING CONFIGS ##############################

Trying to load common config
Trying to load client config

############################## CHECKING CONFIG DATA ##############################

Config data files are up to date, skipping data/asset generation

############################## LOADING HORDE TABLES ##############################

Loaded entity minecraft:zombie as entity.minecraft.zombie with weight 35, min day 0 and max day 20
Loaded entity minecraft:zombie_villager as entity.minecraft.zombie_villager with weight 1, min day 0 and max day 20
Loaded entity minecraft:zombie_horse as entity.minecraft.zombie_horse with weight 3, min day 20 and max day 40
Loaded entity minecraft:husk as entity.minecraft.husk with weight 40, min day 20 and max day 40
Loaded entity minecraft:drowned as entity.minecraft.drowned with weight 3, min day 30 and max day 40
Loaded entity minecraft:zoglin as entity.minecraft.zoglin with weight 3, min day 40 and max day 40
Loaded entity minecraft:zombified_piglin as entity.minecraft.zombified_piglin with weight 10, min day 40 and max day 0
Loaded entity minecraft:husk as entity.minecraft.husk with weight 25, min day 50 and max day 0
Loaded entity minecraft:zoglin as entity.minecraft.zoglin with weight 3, min day 50 and max day 0
Loaded entity minecraft:zombie_horse as entity.minecraft.zombie_horse with weight 3, min day 50 and max day 0
loaded horde table hordes:default

Loaded entity minecraft:drowned as entity.minecraft.drowned with weight 40, min day 0 and max day 20
Loaded entity minecraft:drowned as entity.minecraft.drowned with weight 3, min day 30 and max day 40
loaded horde table hordes:drowned

Loaded entity minecraft:zombie as entity.minecraft.zombie with weight 20, min day 0 and max day 20
Loaded entity minecraft:skeleton as entity.minecraft.skeleton with weight 10, min day 20 and max day 30
Loaded entity minecraft:spider as entity.minecraft.spider with weight 15, min day 20 and max day 30
Loaded entity minecraft:creeper as entity.minecraft.creeper with weight 5, min day 30 and max day 30
Loaded entity minecraft:husk as entity.minecraft.husk with weight 20, min day 30 and max day 50
Loaded entity minecraft:stray as entity.minecraft.stray with weight 15, min day 40 and max day 50
Loaded entity minecraft:cave_spider as entity.minecraft.cave_spider with weight 10, min day 40 and max day 50
Loaded entity minecraft:witch as entity.minecraft.witch with weight 5, min day 40 and max day 50
Loaded entity minecraft:pillager as entity.minecraft.pillager with weight 10, min day 40 and max day 50
Loaded entity minecraft:zombified_piglin as entity.minecraft.zombified_piglin with weight 10, min day 40 and max day 50
Loaded entity minecraft:zombie_horse as entity.minecraft.zombie_horse with weight 3, min day 40 and max day 50
Loaded entity minecraft:wither_skeleton as entity.minecraft.wither_skeleton with weight 10, min day 50 and max day 0
Loaded entity minecraft:phantom as entity.minecraft.phantom with weight 5, min day 50 and max day 50
Loaded entity minecraft:vindicator as entity.minecraft.vindicator with weight 10, min day 50 and max day 50
Loaded entity minecraft:zoglin as entity.minecraft.zoglin with weight 5, min day 40 and max day 40
Loaded entity minecraft:ravager as entity.minecraft.ravager with weight 5, min day 50 and max day 50
Loaded entity minecraft:evoker as entity.minecraft.evoker with weight 5, min day 50 and max day 50
Loaded entity minecraft:piglin_brute as entity.minecraft.piglin_brute with weight 10, min day 60 and max day 0
Loaded entity minecraft:skeleton_horse as entity.minecraft.skeleton_horse with weight 10, min day 60 and max day 0
Loaded entity minecraft:cave_spider as entity.minecraft.cave_spider with weight 10, min day 60 and max day 0
Loaded entity minecraft:zombie_horse as entity.minecraft.zombie_horse with weight 5, min day 60 and max day 0
Loaded entity minecraft:ravager as entity.minecraft.ravager with weight 3, min day 60 and max day 0
Loaded entity minecraft:phantom as entity.minecraft.phantom with weight 3, min day 60 and max day 0
loaded horde table hordes:mixed_mobs

Loaded entity minecraft:pillager as entity.minecraft.pillager with weight 15, min day 0 and max day 0
Loaded entity minecraft:vindicator as entity.minecraft.vindicator with weight 10, min day 0 and max day 0
Loaded entity minecraft:witch as entity.minecraft.witch with weight 5, min day 20 and max day 0
Loaded entity minecraft:ravager as entity.minecraft.ravager with weight 5, min day 30 and max day 40
Loaded entity minecraft:evoker as entity.minecraft.evoker with weight 3, min day 40 and max day 40
Loaded entity minecraft:illusioner as entity.minecraft.illusioner with weight 5, min day 50 and max day 0
Loaded entity minecraft:ravager as entity.minecraft.ravager with weight 3, min day 50 and max day 0
Loaded entity minecraft:ravager as entity.minecraft.ravager with weight 5, min day 50 and max day 0
loaded horde table hordes:illagers

Loaded entity minecraft:skeleton as entity.minecraft.skeleton with weight 10, min day 0 and max day 20
Loaded entity minecraft:skeleton as entity.minecraft.skeleton with weight 20, min day 0 and max day 30
Loaded entity minecraft:skeleton_horse as entity.minecraft.skeleton_horse with weight 5, min day 20 and max day 50
Loaded entity minecraft:stray as entity.minecraft.stray with weight 10, min day 20 and max day 0
Loaded entity minecraft:wither_skeleton as entity.minecraft.wither_skeleton with weight 10, min day 40 and max day 0
Loaded entity minecraft:skeleton_horse as entity.minecraft.skeleton_horse with weight 3, min day 40 and max day 0
Loaded entity minecraft:skeleton_horse as entity.minecraft.skeleton_horse with weight 2, min day 40 and max day 0
loaded horde table hordes:skeletons

Loaded entity minecraft:zombie as entity.minecraft.zombie with weight 30, min day 0 and max day 0
loaded horde table hordes:fallback

############################## LOADING HORDE SCRIPTS ##############################

loaded horde script hordes:default

############################## LOADING CONVERSION TABLE ##############################

Loading conversion table hordes:infection_conversions
Loaded conversion entity.minecraft.villager to entity.minecraft.zombie_villager with an infection resistance of 0.15
Loaded conversion entity.minecraft.horse to entity.minecraft.zombie_horse with an infection resistance of 0.35
Loaded conversion entity.minecraft.piglin to entity.minecraft.zombified_piglin with an infection resistance of 0.15
Loaded conversion entity.minecraft.piglin_brute to entity.minecraft.zombified_piglin{Attributes:[{Base:50.0f,Name:"generic.max_health"}],chat_name:"entity.hordes.ZombifiedPiglinBrute.name",texture:"hordes:textures/entity/zombified_piglin_brute.png"} with an infection resistance of 0.65
Loaded conversion entity.minecraft.hoglin to entity.minecraft.zoglin with an infection resistance of 0.85
Loaded conversion entity.minecraft.wandering_trader to entity.minecraft.zombie_villager{VillagerData:{type:"none"},chat_name:"entity.hordes.ZombieWanderingTrader.name",texture:"hordes:textures/entity/zombie_wandering_trader.png"} with an infection resistance of 0.15
Loaded conversion entity.minecraft.pillager to entity.minecraft.zombie_villager{Attributes:[{Base:24.0f,Name:"generic.max_health"}],VillagerData:{type:"none"},chat_name:"entity.hordes.ZombiePillager.name",texture:"hordes:textures/entity/zombie_pillager.png"} with an infection resistance of 0.15
Loaded conversion entity.minecraft.vindicator to entity.minecraft.zombie_villager{Attributes:[{Base:24.0f,Name:"generic.max_health"}],VillagerData:{type:"none"},chat_name:"entity.hordes.ZombieVindicator.name",texture:"hordes:textures/entity/zombie_vindicator.png"} with an infection resistance of 0.65
Loaded conversion entity.minecraft.evoker to entity.minecraft.zombie_villager{Attributes:[{Base:24.0f,Name:"generic.max_health"}],VillagerData:{type:"none"},chat_name:"entity.hordes.ZombieEvoker.name",texture:"hordes:textures/entity/zombie_evoker.png"} with an infection resistance of 0.5
Loaded conversion entity.minecraft.illusioner to entity.minecraft.zombie_villager{Attributes:[{Base:32.0f,Name:"generic.max_health"}],VillagerData:{type:"none"},chat_name:"entity.hordes.ZombieIllusioner.name",texture:"hordes:textures/entity/zombie_illusioner.png"} with an infection resistance of 0.6
Loaded conversion entity.minecraft.witch to entity.minecraft.zombie_villager{Attributes:[{Base:26.0f,Name:"generic.max_health"}],VillagerData:{type:"none"},chat_name:"entity.hordes.ZombieWitch.name",texture:"hordes:textures/entity/zombie_witch.png"} with an infection resistance of 0.7

############################## LOADING IMMUNITY ITEMS ##############################

Loading immunity item list hordes:immunity_items
Loaded immunity item minecraft:enchanted_golden_apple with duration 150

############################## LOADING WEARABLE PROTECTION LIST ##############################

Loading wearables protection list hordes:wearables_protection
Loaded wearable protection minecraft:leather_boots with modifier 0.05
Loaded wearable protection minecraft:leather_leggings with modifier 0.05
Loaded wearable protection minecraft:leather_chestplate with modifier 0.05
Loaded wearable protection minecraft:leather_helmet with modifier 0.05
Loaded wearable protection minecraft:chainmail_boots with modifier 0.05
Loaded wearable protection minecraft:chainmail_leggings with modifier 0.05
Loaded wearable protection minecraft:chainmail_chestplate with modifier 0.05
Loaded wearable protection minecraft:chainmail_helmet with modifier 0.05
Loaded wearable protection minecraft:iron_boots with modifier 0.1
Loaded wearable protection minecraft:iron_leggings with modifier 0.1
Loaded wearable protection minecraft:iron_chestplate with modifier 0.1
Loaded wearable protection minecraft:iron_helmet with modifier 0.1
Loaded wearable protection minecraft:golden_boots with modifier 0.1
Loaded wearable protection minecraft:golden_leggings with modifier 0.1
Loaded wearable protection minecraft:golden_chestplate with modifier 0.1
Loaded wearable protection minecraft:golden_helmet with modifier 0.1
Loaded wearable protection minecraft:diamond_boots with modifier 0.15
Loaded wearable protection minecraft:diamond_leggings with modifier 0.15
Loaded wearable protection minecraft:diamond_chestplate with modifier 0.15
Loaded wearable protection minecraft:diamond_helmet with modifier 0.15
Loaded wearable protection minecraft:netherite_boots with modifier 0.2
Loaded wearable protection minecraft:netherite_leggings with modifier 0.2
Loaded wearable protection minecraft:netherite_chestplate with modifier 0.2
Loaded wearable protection minecraft:netherite_helmet with modifier 0.2
Loaded wearable protection minecraft:turtle_helmet with modifier 0.2
Loaded wearable protection minecraft:leather_horse_armor with modifier 0.3
Loaded wearable protection minecraft:iron_horse_armor with modifier 0.4
Loaded wearable protection minecraft:golden_horse_armor with modifier 0.4
Loaded wearable protection minecraft:diamond_horse_armor with modifier 0.5

############################## LOADING ENTITY INFECTION CHANCES ##############################
Loading entity infection list hordes:infection_entities
Loaded infection entity minecraft:zombie with infect chance 0.75
Loaded infection entity minecraft:zombie_villager with infect chance 0.75
Loaded infection entity minecraft:husk with infect chance 0.8
Loaded infection entity minecraft:drowned with infect chance 0.7
Loaded infection entity minecraft:zombie_horse with infect chance 0.7
Loaded infection entity minecraft:zombified_piglin with infect chance 0.7
Loaded infection entity minecraft:zoglin with infect chance 0.5
Loaded infection entity hordes:zombie_player with infect chance 0.75
Loaded infection entity hordes:husk_player with infect chance 0.8
Loaded infection entity hordes:drowned_player with infect chance 0.7
